Qflow placement logfile created on Wed Jul 2 05:13:09 PM IST 2025
Running blif2cel to generate input files for graywolf
blif2cel.tcl --blif /home/kor-tac/Desktop/physical/alu/synthesis/aluuu.blif  --lef  /usr/local/share/qflow/tech/osu035/osu035_stdcells.lef --cel /home/kor-tac/Desktop/physical/alu/layout/aluuu.cel 
Opened BLIF file (/home/kor-tac/Desktop/physical/alu/synthesis/aluuu.blif) for reading ...
Opened CEL file (/home/kor-tac/Desktop/physical/alu/layout/aluuu.cel) for writing...
Loaded /usr/local/share/qflow/tech/osu035/osu035_stdcells.lef file for reading...
1st pass of blif file /home/kor-tac/Desktop/physical/alu/synthesis/aluuu.blif. . .
Reading macros and/or technology data from LEF file. . .
LEF file specifies route layer Y pitch as 2
LEF file specifies route layer X pitch as 1.6
Parsing macro AND2X2
Parsing macro AOI21X1
Parsing macro AOI22X1
Parsing macro BUFX2
Parsing macro NOR3X1
Parsing macro INVX1
Parsing macro NAND2X1
Parsing macro NAND3X1
Parsing macro NOR2X1
Parsing macro OAI21X1
Parsing macro OAI22X1
Parsing macro OR2X2
Parsing macro XNOR2X1
2nd pass of blif file. . .
3rd pass of blif file. . .
Done!
No aluuu.cel1 file found for project. . . no partial blockages to apply to layout.
Preparing pin placement hints from aluuu.cel2
Running GrayWolf placement
graywolf  aluuu

twflow version:2.1 date:Mon May 25 21:15:08 EDT 1992
Authors: Bill Swartz, Carl Sechen
         Yale University

syntax version:v1.1 date:Mon May 25 21:11:10 EDT 1992
TimberWolf System Syntax Checker
Authors: Carl Sechen, Kai-Win Lee, Bill Swartz,
         Dahe Chen, and Jimmy Lam
         Yale University

Read   50 objects so far...
Read  100 objects so far...
Read  150 objects so far...
Read  200 objects so far...
Read  250 objects so far...
Read  300 objects so far...
Read  350 objects so far...
Read  400 objects so far...
Read  450 objects so far...
Read  500 objects so far...
Read  550 objects so far...
Read  600 objects so far...
Read  650 objects so far...
Read  700 objects so far...
Read  750 objects so far...
Read  800 objects so far...
Read  850 objects so far...
Read  900 objects so far...
Read  950 objects so far...
Read 1000 objects so far...
Read 1050 objects so far...
Read 1100 objects so far...
No syntax errors were found

syntax terminated normally with no errors and 0 warning[s]


----------------------------
Total stdcells     :1100
Total cell width   :6.10e+05
Total cell height  :2.20e+06
Total cell area    :1.22e+09
Total core area    :1.22e+09
Average cell height:2.00e+03


nocut - replacement for Mincut version:v1.0 date:Mon May 25 21:09:40 EDT 1992
TimberWolf System Floorplan Setup Program
Authors: Carl Sechen, Bill Swartz,
         Yale University

Read   50 objects so far...
Read  100 objects so far...
Read  150 objects so far...
Read  200 objects so far...
Read  250 objects so far...
Read  300 objects so far...
Read  350 objects so far...
Read  400 objects so far...
Read  450 objects so far...
Read  500 objects so far...
Read  550 objects so far...
Read  600 objects so far...
Read  650 objects so far...
Read  700 objects so far...
Read  750 objects so far...
Read  800 objects so far...
Read  850 objects so far...
Read  900 objects so far...
Read  950 objects so far...
Read 1000 objects so far...
Read 1050 objects so far...
Read 1100 objects so far...
Splitting aluuu.cel into aluuu.scel and aluuu.mcel...
	done!


nocut - replacement for Mincut terminated normally with no errors and 0 warning[s]


TimberWolfMC version:v2.2 date:Mon May 25 21:18:34 EDT 1992
Authors: Carl Sechen, Bill Swartz, Kai-Win Lee
         Dahe Chen, and Jimmy Lam
         Yale University

config version:v1.0 date:Mon May 25 20:57:18 EDT 1992
Row configuration program
    Yale University


config switches:
	Graphics mode on
	config will inherit window



config terminated normally with no errors and 0 warning[s]


TimberWolfMC terminated normally with no errors and 0 warning[s]



TimberWolfSC switches:
	Graphics mode on
	TimberWolfSC will inherit window

TimberWolfSC version:v6.0 date:Mon May 25 21:19:07 EDT 1992
Row-Based Placement and Global Routing Program
Authors: Carl Sechen, Kai-Win Lee, and Bill Swartz,
         Yale University
  0 
  1   2   3   4   5   6   7   8   9  10  11  12  13  14  15 
 16  17  18  19  20  21  22  23  24  25  26  27  28  29  30 
 31  32  33  34  35  36  37  38  39  40  41  42  43  44  45 
 46  47  48  49  50  51  52  53  54  55  56  57  58  59  60 
 61  62  63  64  65  66  67  68  69  70  71  72  73  74  75 
 76  77  78  79  80  81  82  83  84  85  86  87  88  89  90 
 91  92  93  94  95  96  97  98  99 100 101 102 103 104 105 
106 107 108 109 110 111 112 113 114 115 116 117 118 119 120 
121 122 123 124 125 126 127 128 129 130 131 132 133 134 135 
136 137 138 139 140 141 142 143 144 145 146 147 148 149 150 
151 152 153 154 155 156 157 158 
 block left edge is at -399
 the longest block length is 36960
 building the steiner trees
 rebuilding the steiner tree

----start doing coarse global routing ------ 
 ITERATION  1

  longest Row is:8   Its length is:36160
 doing feed-through pins assignment
 building the net-tree now !
 set up the global routing grids
 the starting value of tracks =  165
 tracks = 152 at attempts =  1000
 tracks = 148 at attempts =  2000
 tracks = 147 at attempts =  3000
 tracks = 146 at attempts =  4000
 tracks = 146 at attempts =  5000
 tracks = 146 at attempts =  6000
 tracks = 146 at attempts =  7000
 tracks = 146 at attempts =  8000
 tracks = 146 at attempts =  9000
 tracks = 146 at attempts = 10000
 tracks = 146 at attempts = 11000
 tracks = 146 at attempts = 12000
 tracks = 146 at attempts = 13000
 tracks = 146 at attempts = 14000
 tracks = 146 at attempts = 15000
 tracks = 146 at attempts = 16000
 tracks = 146 at attempts = 17000
 tracks = 146 at attempts = 18000
 tracks = 146 at attempts = 19000
 tracks = 146 at attempts = 20000
 tracks = 146 at attempts = 21000
 tracks = 146 at attempts = 22000
 tracks = 146 at attempts = 23000
 tracks = 146 at attempts = 24000
 tracks = 146 at attempts = 25000
 tracks = 146 at attempts = 26000
 tracks = 146 at attempts = 27000
 tracks = 146 at attempts = 28000
 removing redundant feed-through pins
 the connectivity of all the nets is verified

 block left edge is at -399
 the longest block length is 36960
 building the steiner trees
 rebuilding the steiner tree

----start doing coarse global routing ------ 
 ITERATION  1

  longest Row is:8   Its length is:36160
 doing feed-through pins assignment
 building the net-tree now !
 set up the global routing grids
 the starting value of tracks =  163
 tracks = 151 at attempts =  1000
 tracks = 150 at attempts =  2000
 tracks = 147 at attempts =  3000
 tracks = 147 at attempts =  4000
 tracks = 146 at attempts =  5000
 tracks = 146 at attempts =  6000
 tracks = 146 at attempts =  7000
 tracks = 146 at attempts =  8000
 tracks = 146 at attempts =  9000
 tracks = 146 at attempts = 10000
 tracks = 146 at attempts = 11000
 tracks = 146 at attempts = 12000
 tracks = 146 at attempts = 13000
 tracks = 146 at attempts = 14000
 tracks = 145 at attempts = 15000
 tracks = 145 at attempts = 16000
 tracks = 145 at attempts = 17000
 tracks = 145 at attempts = 18000
 tracks = 145 at attempts = 19000
 tracks = 145 at attempts = 20000
 tracks = 145 at attempts = 21000
 tracks = 145 at attempts = 22000
 tracks = 145 at attempts = 23000
 tracks = 145 at attempts = 24000
 tracks = 145 at attempts = 25000
 tracks = 145 at attempts = 26000
 tracks = 145 at attempts = 27000
 tracks = 145 at attempts = 28000
 removing redundant feed-through pins
 the connectivity of all the nets is verified

 block left edge is at -399
 the longest block length is 36960
 building the steiner trees
 rebuilding the steiner tree

----start doing coarse global routing ------ 
 ITERATION  1

  longest Row is:8   Its length is:36160
 doing feed-through pins assignment
 building the net-tree now !
 set up the global routing grids
 the starting value of tracks =  158
 tracks = 151 at attempts =  1000
 tracks = 146 at attempts =  2000
 tracks = 146 at attempts =  3000
 tracks = 146 at attempts =  4000
 tracks = 145 at attempts =  5000
 tracks = 145 at attempts =  6000
 tracks = 145 at attempts =  7000
 tracks = 145 at attempts =  8000
 tracks = 145 at attempts =  9000
 tracks = 145 at attempts = 10000
 tracks = 145 at attempts = 11000
 tracks = 145 at attempts = 12000
 tracks = 145 at attempts = 13000
 tracks = 145 at attempts = 14000
 tracks = 144 at attempts = 15000
 tracks = 144 at attempts = 16000
 tracks = 144 at attempts = 17000
 tracks = 144 at attempts = 18000
 tracks = 144 at attempts = 19000
 tracks = 144 at attempts = 20000
 tracks = 144 at attempts = 21000
 tracks = 144 at attempts = 22000
 tracks = 144 at attempts = 23000
 tracks = 144 at attempts = 24000
 tracks = 144 at attempts = 25000
 tracks = 144 at attempts = 26000
 tracks = 144 at attempts = 27000
 tracks = 144 at attempts = 28000
 removing redundant feed-through pins
 the connectivity of all the nets is verified

 block left edge is at -399
 the longest block length is 36960
 building the steiner trees
 rebuilding the steiner tree

----start doing coarse global routing ------ 
 ITERATION  1

  longest Row is:8   Its length is:36160
 doing feed-through pins assignment
 building the net-tree now !
 set up the global routing grids
 the starting value of tracks =  198
 tracks = 194 at attempts =  1000
 tracks = 192 at attempts =  2000
 tracks = 192 at attempts =  3000
 tracks = 192 at attempts =  4000
 tracks = 192 at attempts =  5000
 tracks = 192 at attempts =  6000
 tracks = 192 at attempts =  7000
 tracks = 192 at attempts =  8000
 tracks = 192 at attempts =  9000
 tracks = 192 at attempts = 10000
 tracks = 192 at attempts = 11000
 tracks = 192 at attempts = 12000
 tracks = 192 at attempts = 13000
 tracks = 192 at attempts = 14000
 tracks = 192 at attempts = 15000
 tracks = 192 at attempts = 16000
 tracks = 192 at attempts = 17000
 tracks = 192 at attempts = 18000
 tracks = 192 at attempts = 19000
 tracks = 192 at attempts = 20000
 tracks = 192 at attempts = 21000
 tracks = 192 at attempts = 22000
 tracks = 192 at attempts = 23000
 tracks = 192 at attempts = 24000
 tracks = 192 at attempts = 25000
 tracks = 192 at attempts = 26000
 tracks = 192 at attempts = 27000
 tracks = 192 at attempts = 28000
 removing redundant feed-through pins
 the connectivity of all the nets is verified

 block left edge is at -399
 the longest block length is 36960
 building the steiner trees
 rebuilding the steiner tree

----start doing coarse global routing ------ 
 ITERATION  1

  longest Row is:8   Its length is:36160
 doing feed-through pins assignment
 building the net-tree now !
 set up the global routing grids
 the starting value of tracks =  159
 tracks = 147 at attempts =  1000
 tracks = 145 at attempts =  2000
 tracks = 143 at attempts =  3000
 tracks = 142 at attempts =  4000
 tracks = 141 at attempts =  5000
 tracks = 141 at attempts =  6000
 tracks = 141 at attempts =  7000
 tracks = 141 at attempts =  8000
 tracks = 141 at attempts =  9000
 tracks = 141 at attempts = 10000
 tracks = 141 at attempts = 11000
 tracks = 141 at attempts = 12000
 tracks = 141 at attempts = 13000
 tracks = 141 at attempts = 14000
 tracks = 141 at attempts = 15000
 tracks = 141 at attempts = 16000
 tracks = 141 at attempts = 17000
 tracks = 141 at attempts = 18000
 tracks = 141 at attempts = 19000
 tracks = 141 at attempts = 20000
 tracks = 141 at attempts = 21000
 tracks = 141 at attempts = 22000
 tracks = 141 at attempts = 23000
 tracks = 141 at attempts = 24000
 tracks = 141 at attempts = 25000
 tracks = 141 at attempts = 26000
 tracks = 141 at attempts = 27000
 tracks = 141 at attempts = 28000
 removing redundant feed-through pins
 the connectivity of all the nets is verified

 block left edge is at -399
 the longest block length is 36960
 building the steiner trees
 rebuilding the steiner tree

----start doing coarse global routing ------ 
 ITERATION  1

  longest Row is:8   Its length is:36160
 doing feed-through pins assignment
 building the net-tree now !
 set up the global routing grids
 the starting value of tracks =  156
 tracks = 147 at attempts =  1000
 tracks = 144 at attempts =  2000
 tracks = 144 at attempts =  3000
 tracks = 143 at attempts =  4000
 tracks = 143 at attempts =  5000
 tracks = 143 at attempts =  6000
 tracks = 143 at attempts =  7000
 tracks = 143 at attempts =  8000
 tracks = 143 at attempts =  9000
 tracks = 143 at attempts = 10000
 tracks = 143 at attempts = 11000
 tracks = 143 at attempts = 12000
 tracks = 143 at attempts = 13000
 tracks = 143 at attempts = 14000
 tracks = 143 at attempts = 15000
 tracks = 143 at attempts = 16000
 tracks = 143 at attempts = 17000
 tracks = 143 at attempts = 18000
 tracks = 143 at attempts = 19000
 tracks = 143 at attempts = 20000
 tracks = 143 at attempts = 21000
 tracks = 143 at attempts = 22000
 tracks = 143 at attempts = 23000
 tracks = 143 at attempts = 24000
 tracks = 143 at attempts = 25000
 tracks = 143 at attempts = 26000
 tracks = 143 at attempts = 27000
 tracks = 143 at attempts = 28000
 removing redundant feed-through pins
 the connectivity of all the nets is verified

 block left edge is at -399
 the longest block length is 36960
 building the steiner trees
 rebuilding the steiner tree

----start doing coarse global routing ------ 
 ITERATION  1

  longest Row is:8   Its length is:36160
 doing feed-through pins assignment
 building the net-tree now !
 set up the global routing grids
 the starting value of tracks =  161
 tracks = 150 at attempts =  1000
 tracks = 145 at attempts =  2000
 tracks = 144 at attempts =  3000
 tracks = 143 at attempts =  4000
 tracks = 142 at attempts =  5000
 tracks = 142 at attempts =  6000
 tracks = 142 at attempts =  7000
 tracks = 142 at attempts =  8000
 tracks = 142 at attempts =  9000
 tracks = 142 at attempts = 10000
 tracks = 142 at attempts = 11000
 tracks = 142 at attempts = 12000
 tracks = 142 at attempts = 13000
 tracks = 142 at attempts = 14000
 tracks = 142 at attempts = 15000
 tracks = 142 at attempts = 16000
 tracks = 142 at attempts = 17000
 tracks = 142 at attempts = 18000
 tracks = 142 at attempts = 19000
 tracks = 142 at attempts = 20000
 tracks = 142 at attempts = 21000
 tracks = 142 at attempts = 22000
 tracks = 142 at attempts = 23000
 tracks = 142 at attempts = 24000
 tracks = 141 at attempts = 25000
 tracks = 141 at attempts = 26000
 tracks = 141 at attempts = 27000
 tracks = 141 at attempts = 28000
 removing redundant feed-through pins
 the connectivity of all the nets is verified

 block left edge is at -399
 the longest block length is 36960
 building the steiner trees
 rebuilding the steiner tree

----start doing coarse global routing ------ 
 ITERATION  1

  longest Row is:8   Its length is:36160
 doing feed-through pins assignment
 building the net-tree now !
 set up the global routing grids
 the starting value of tracks =  199
 tracks = 197 at attempts =  1000
 tracks = 196 at attempts =  2000
 tracks = 196 at attempts =  3000
 tracks = 195 at attempts =  4000
 tracks = 195 at attempts =  5000
 tracks = 195 at attempts =  6000
 tracks = 195 at attempts =  7000
 tracks = 195 at attempts =  8000
 tracks = 195 at attempts =  9000
 tracks = 195 at attempts = 10000
 tracks = 195 at attempts = 11000
 tracks = 195 at attempts = 12000
 tracks = 195 at attempts = 13000
 tracks = 195 at attempts = 14000
 tracks = 195 at attempts = 15000
 tracks = 195 at attempts = 16000
 tracks = 195 at attempts = 17000
 tracks = 195 at attempts = 18000
 tracks = 195 at attempts = 19000
 tracks = 195 at attempts = 20000
 tracks = 195 at attempts = 21000
 tracks = 195 at attempts = 22000
 tracks = 195 at attempts = 23000
 tracks = 195 at attempts = 24000
 tracks = 195 at attempts = 25000
 tracks = 195 at attempts = 26000
 tracks = 195 at attempts = 27000
 tracks = 195 at attempts = 28000
 removing redundant feed-through pins
 the connectivity of all the nets is verified


***********************************************
*ACTUAL* FINAL NUMBER OF ROUTING TRACKS: 141
***********************************************


TimberWolfSC terminated normally with no errors and 0 warning[s]


twflow terminated normally with no errors and 0 warning[s]

Running getfillcell to determine cell to use for fill.
getfillcell.tcl aluuu  /usr/local/share/qflow/tech/osu035/osu035_stdcells.lef FILL
Using cell FILL for fill
Running place2def to translate graywolf output to DEF format.
place2def.tcl aluuu FILL 
Running place2def.tcl
DEF database: 100 units per micron
Limits: xbot = -399 ybot = -200 xtop = 36110.0 ytop = 34130.0
Core values: 80.0 100 36240.0 34100
Offsets: 80.0 100
4 routing layers
metal1: 173 vertical tracks from 0um with 2um pitch
metal2: 230 vertical tracks from 0.0um with 1.6um pitch
metal3: 173 vertical tracks from 0um with 2um pitch
metal4: 115 vertical tracks from 0.0um with 3.2um pitch
Summary: Total components = 1100
  Fill cells  = 0
  Other cells = 1100
Done with place2def.tcl
Running addspacers to generate power stripes and align cell right edge
addspacers.tcl  -stripe 5.0 150.0 PG aluuu  /usr/local/share/qflow/tech/osu035/osu035_stdcells.lef FILL
Reading FILL macros from LEF file.
Reading DEF file aluuu.def. . .
Number of rows is 17
Longest row has width 362.4 um
addspacers:  No room for stripes, pitch reduced from 14880.0 to 14880.0.
addspacers:  Inserting 2 stripes of width 4.8 um (5.0 um requested)
  Pitch 148.8 um, offset 105.6 um
stretch:  Number of components is 1231
Analysis of DEF file:
Number of components = 1100
New number of components = 1231
Number of rows = 17
Adjusting obstructions for power striping
Done with addspacers.tcl
Running arrangepins to adjust pin positions for optimal routing.
arrangepins.tcl  aluuu
Reading info file aluuu.info. . .
Reading DEF file aluuu.def. . .
Recalculating pin positions
Writing DEF file aluuu_mod.def. . .
Done with arrangepins.tcl
blifanno.tcl /home/kor-tac/Desktop/physical/alu/synthesis/aluuu.blif aluuu.def /home/kor-tac/Desktop/physical/alu/synthesis/aluuu_anno.blif
Running blifanno.tcl
Reading DEF file aluuu.def. . .
Done with blifanno.tcl

Generating RTL verilog and SPICE netlist file in directory
   /home/kor-tac/Desktop/physical/alu/synthesis
Files:
   Verilog: /home/kor-tac/Desktop/physical/alu/synthesis/aluuu.rtl.v
   Verilog: /home/kor-tac/Desktop/physical/alu/synthesis/aluuu.rtlnopwr.v
   Verilog: /home/kor-tac/Desktop/physical/alu/synthesis/aluuu.rtlbb.v
   Spice:   /home/kor-tac/Desktop/physical/alu/synthesis/aluuu.spc

Running blif2Verilog.
Running blif2BSpice.
Placement script ended on Wed Jul 2 05:13:17 PM IST 2025
